

Microchip Technology PIC18 LITE Macro Assembler V1.42 build -159332390 
                                                                                               Sun Sep 24 22:42:52 2017

Microchip Technology Omniscient Code Generator v1.42 (Free mode) build 201704130522
     1                           	processor	18F4550
     2                           	fnconf	rparam,??,?,0
     3                           	opt	pw 120
     4                           	opt	lm
     5                           	psect	cinit,global,reloc=2,class=CODE,delta=1
     6                           	psect	cstackCOMRAM,global,class=COMRAM,space=1,delta=1,noexec
     7                           	psect	text0,global,reloc=2,class=CODE,delta=1
     8                           	psect	text1,global,reloc=2,class=CODE,delta=1
     9                           	psect	intsave_regs,global,class=BIGRAM,space=1,delta=1,noexec
    10                           	psect	rparam,global,class=COMRAM,space=1,delta=1,noexec
    11  0000                     
    12                           ; Version 1.42
    13                           ; Generated 13/04/2017 GMT
    14                           ; 
    15                           ; Copyright © 2017, Microchip Technology Inc. and its subsidiaries ("Microchip")
    16                           ; All rights reserved.
    17                           ; 
    18                           ; This software is developed by Microchip Technology Inc. and its subsidiaries ("Microch
      +                          ip").
    19                           ; 
    20                           ; Redistribution and use in source and binary forms, with or without modification, are
    21                           ; permitted provided that the following conditions are met:
    22                           ; 
    23                           ;     1. Redistributions of source code must retain the above copyright notice, this lis
      +                          t of
    24                           ;        conditions and the following disclaimer.
    25                           ; 
    26                           ;     2. Redistributions in binary form must reproduce the above copyright notice, this 
      +                          list
    27                           ;        of conditions and the following disclaimer in the documentation and/or other
    28                           ;        materials provided with the distribution.
    29                           ; 
    30                           ;     3. Microchip's name may not be used to endorse or promote products derived from th
      +                          is
    31                           ;        software without specific prior written permission.
    32                           ; 
    33                           ; THIS SOFTWARE IS PROVIDED BY MICROCHIP "AS IS" AND ANY EXPRESS OR IMPLIED WARRANTIES,
    34                           ; INCLUDING, BUT NOT LIMITED TO, THE IMPLIED WARRANTIES OF MERCHANTABILITY AND FITNESS F
      +                          OR
    35                           ; PURPOSE ARE DISCLAIMED.  IN NO EVENT SHALL MICROCHIP BE LIABLE FOR ANY DIRECT, INDIREC
      +                          T,
    36                           ; INCIDENTAL, SPECIAL, EXEMPLARY, OR CONSEQUENTIAL DAMAGES (INCLUDING BUT NOT LIMITED TO
    37                           ; PROCUREMENT OF SUBSTITUTE GOODS OR SERVICES; LOSS OF USE, DATA OR PROFITS; OR BUSINESS
    38                           ; INTERRUPTION) HOWSOEVER CAUSED AND ON ANY THEORY OF LIABILITY, WHETHER IN CONTRACT, ST
      +                          RICT
    39                           ; LIABILITY, OR TORT (INCLUDING NEGLIGENCE OR OTHERWISE) ARISING IN ANY WAY OUT OF THE U
      +                          SE OF
    40                           ; THIS SOFTWARE, EVEN IF ADVISED OF THE POSSIBILITY OF SUCH DAMAGE.
    41                           ; 
    42                           ; 
    43                           ; Code-generator required, PIC18F4550 Definitions
    44                           ; 
    45                           ; SFR Addresses
    46  0000                     _PORTD	set	3971
    47  0000                     _TRISD	set	3989
    48  0000                     _TRISA	set	3986
    49  0000                     _OSCCON	set	4051
    50  0000                     _ADRESH	set	4036
    51  0000                     _ADCON2	set	4032
    52  0000                     _ADCON0	set	4034
    53  0000                     _ADCON1	set	4033
    54  0000                     _GO_DONE	set	32273
    55  0000                     _ADON	set	32272
    56  0000                     _RD2	set	31770
    57  0000                     _RD3	set	31771
    58  0000                     _RD4	set	31772
    59  0000                     _RD5	set	31773
    60  0000                     _RD6	set	31774
    61  0000                     _RD7	set	31775
    62  0000                     _TRISD2	set	31914
    63  0000                     _TRISD3	set	31915
    64  0000                     _TRISD4	set	31916
    65  0000                     _TRISD5	set	31917
    66  0000                     _TRISD6	set	31918
    67  0000                     _TRISD7	set	31919
    68                           
    69                           ; #config settings
    70  0000                     
    71                           	psect	cinit
    72  007FA2                     __pcinit:
    73                           	opt stack 0
    74  007FA2                     start_initialization:
    75                           	opt stack 0
    76  007FA2                     __initialization:
    77                           	opt stack 0
    78  007FA2                     end_of_initialization:
    79                           	opt stack 0
    80  007FA2                     __end_of__initialization:
    81                           	opt stack 0
    82  007FA2  0E00               	movlw	low (__Lmediumconst shr (0+16))
    83  007FA4  6EF8               	movwf	tblptru,c
    84  007FA6  0100               	movlb	0
    85  007FA8  EFD6  F03F         	goto	_main	;jump to C main() function
    86                           tblptru	equ	0xFF8
    87                           
    88                           	psect	cstackCOMRAM
    89  000001                     __pcstackCOMRAM:
    90                           	opt stack 0
    91  000001                     ?_getCad:
    92                           	opt stack 0
    93                           
    94                           ; 2 bytes @ 0x0
    95  000001                     	ds	2
    96  000003                     getCad@canal:
    97                           	opt stack 0
    98                           
    99                           ; 1 bytes @ 0x2
   100  000003                     	ds	1
   101  000004                     tblptru	equ	0xFF8
   102                           
   103                           ; 1 bytes @ 0x3
   104 ;;
   105 ;;Main: autosize = 0, tempsize = 0, incstack = 0, save=0
   106 ;;
   107 ;; *************** function _main *****************
   108 ;; Defined at:
   109 ;;		line 36 in file "CAD.c"
   110 ;; Parameters:    Size  Location     Type
   111 ;;		None
   112 ;; Auto vars:     Size  Location     Type
   113 ;;		None
   114 ;; Return value:  Size  Location     Type
   115 ;;                  1    wreg      void 
   116 ;; Registers used:
   117 ;;		wreg, status,2, status,0, cstack
   118 ;; Tracked objects:
   119 ;;		On entry : 0/0
   120 ;;		On exit  : 0/0
   121 ;;		Unchanged: 0/0
   122 ;; Data sizes:     COMRAM   BANK0   BANK1   BANK2   BANK3   BANK4   BANK5   BANK6   BANK7
   123 ;;      Params:         0       0       0       0       0       0       0       0       0
   124 ;;      Locals:         0       0       0       0       0       0       0       0       0
   125 ;;      Temps:          0       0       0       0       0       0       0       0       0
   126 ;;      Totals:         0       0       0       0       0       0       0       0       0
   127 ;;Total ram usage:        0 bytes
   128 ;; Hardware stack levels required when called:    1
   129 ;; This function calls:
   130 ;;		_getCad
   131 ;; This function is called by:
   132 ;;		Startup code after reset
   133 ;; This function uses a non-reentrant model
   134 ;;
   135                           
   136                           	psect	text0
   137  007FAC                     __ptext0:
   138                           	opt stack 0
   139  007FAC                     _main:
   140                           	opt stack 30
   141                           
   142                           ;CAD.c: 37: OSCCON= 0b01110010;
   143                           
   144                           ;incstack = 0
   145  007FAC  0E72               	movlw	114
   146  007FAE  6ED3               	movwf	4051,c	;volatile
   147                           
   148                           ;CAD.c: 39: TRISA=0xff;
   149  007FB0  6892               	setf	3986,c	;volatile
   150                           
   151                           ;CAD.c: 40: TRISD=0;
   152  007FB2  0E00               	movlw	0
   153  007FB4  6E95               	movwf	3989,c	;volatile
   154  007FB6                     l924:
   155                           
   156                           ;CAD.c: 43: PORTD= getCad(0);
   157  007FB6  0E00               	movlw	0
   158  007FB8  ECE1  F03F         	call	_getCad
   159  007FBC  5001               	movf	?_getCad,w,c
   160  007FBE  6E83               	movwf	3971,c	;volatile
   161  007FC0  D7FA               	goto	l924
   162  007FC2                     __end_of_main:
   163                           	opt stack 0
   164                           tblptru	equ	0xFF8
   165                           
   166 ;; *************** function _getCad *****************
   167 ;; Defined at:
   168 ;;		line 15 in file "CAD.c"
   169 ;; Parameters:    Size  Location     Type
   170 ;;  canal           1    wreg     unsigned char 
   171 ;; Auto vars:     Size  Location     Type
   172 ;;  canal           1    2[COMRAM] unsigned char 
   173 ;; Return value:  Size  Location     Type
   174 ;;                  2    0[COMRAM] short 
   175 ;; Registers used:
   176 ;;		wreg, status,2, status,0
   177 ;; Tracked objects:
   178 ;;		On entry : 0/0
   179 ;;		On exit  : 0/0
   180 ;;		Unchanged: 0/0
   181 ;; Data sizes:     COMRAM   BANK0   BANK1   BANK2   BANK3   BANK4   BANK5   BANK6   BANK7
   182 ;;      Params:         2       0       0       0       0       0       0       0       0
   183 ;;      Locals:         1       0       0       0       0       0       0       0       0
   184 ;;      Temps:          0       0       0       0       0       0       0       0       0
   185 ;;      Totals:         3       0       0       0       0       0       0       0       0
   186 ;;Total ram usage:        3 bytes
   187 ;; Hardware stack levels used:    1
   188 ;; This function calls:
   189 ;;		Nothing
   190 ;; This function is called by:
   191 ;;		_main
   192 ;; This function uses a non-reentrant model
   193 ;;
   194                           
   195                           	psect	text1
   196  007FC2                     __ptext1:
   197                           	opt stack 0
   198  007FC2                     _getCad:
   199                           	opt stack 30
   200                           
   201                           ;incstack = 0
   202                           ;getCad@canal stored from wreg
   203  007FC2  6E03               	movwf	getCad@canal,c
   204                           
   205                           ;CAD.c: 16: ADCON1=0b00001100;
   206  007FC4  0E0C               	movlw	12
   207  007FC6  6EC1               	movwf	4033,c	;volatile
   208                           
   209                           ;CAD.c: 17: switch(canal){
   210  007FC8  D007               	goto	l912
   211  007FCA                     l904:
   212                           
   213                           ;CAD.c: 19: ADCON0= 0b00000010;
   214  007FCA  0E02               	movlw	2
   215  007FCC  D003               	goto	L2
   216  007FCE                     l906:
   217                           
   218                           ;CAD.c: 22: ADCON0= 0b00000110;
   219  007FCE  0E06               	movlw	6
   220  007FD0  D001               	goto	L2
   221  007FD2                     l908:
   222                           
   223                           ;CAD.c: 25: ADCON0= 0b00001010;
   224  007FD2  0E0A               	movlw	10
   225  007FD4                     L2:
   226  007FD4  6EC2               	movwf	4034,c	;volatile
   227                           
   228                           ;CAD.c: 27: }
   229                           
   230                           ;CAD.c: 26: break;
   231  007FD6  D00A               	goto	l914
   232  007FD8                     l912:
   233  007FD8  5003               	movf	getCad@canal,w,c
   234                           
   235                           ; Switch size 1, requested type "space"
   236                           ; Number of cases is 3, Range of values is 0 to 2
   237                           ; switch strategies available:
   238                           ; Name         Instructions Cycles
   239                           ; simple_byte           10     6 (average)
   240                           ;	Chosen strategy is simple_byte
   241  007FDA  0A00               	xorlw	0	; case 0
   242  007FDC  B4D8               	btfsc	status,2,c
   243  007FDE  D7F5               	goto	l904
   244  007FE0  0A01               	xorlw	1	; case 1
   245  007FE2  B4D8               	btfsc	status,2,c
   246  007FE4  D7F4               	goto	l906
   247  007FE6  0A03               	xorlw	3	; case 2
   248  007FE8  B4D8               	btfsc	status,2,c
   249  007FEA  D7F3               	goto	l908
   250  007FEC                     l914:
   251                           
   252                           ;CAD.c: 28: ADCON2= 0b00101001;
   253  007FEC  0E29               	movlw	41
   254  007FEE  6EC0               	movwf	4032,c	;volatile
   255                           
   256                           ;CAD.c: 29: ADON=1;
   257  007FF0  80C2               	bsf	4034,0,c	;volatile
   258                           
   259                           ;CAD.c: 30: GO_DONE=1;
   260  007FF2  82C2               	bsf	4034,1,c	;volatile
   261  007FF4                     l95:
   262  007FF4  B2C2               	btfsc	4034,1,c	;volatile
   263  007FF6  D7FE               	goto	l95
   264                           
   265                           ;CAD.c: 33: }
   266                           ;CAD.c: 34: return ADRESH;
   267  007FF8  CFC4 F001          	movff	4036,?_getCad	;volatile
   268  007FFC  6A02               	clrf	?_getCad+1,c
   269  007FFE  0012               	return		;funcret
   270  008000                     __end_of_getCad:
   271                           	opt stack 0
   272  0000                     tblptru	equ	0xFF8
   273                           status	equ	0xFD8
   274                           tblptru	equ	0xFF8
   275                           status	equ	0xFD8
   276                           
   277                           	psect	rparam
   278  0000                     tblptru	equ	0xFF8
   279                           status	equ	0xFD8


Data Sizes:
    Strings     0
    Constant    0
    Data        0
    BSS         0
    Persistent  0
    Stack       0

Auto Spaces:
    Space          Size  Autos    Used
    COMRAM           95      3       3
    BANK0           160      0       0
    BANK1           256      0       0
    BANK2           256      0       0
    BANK3           256      0       0
    BANK4           256      0       0
    BANK5           256      0       0
    BANK6           256      0       0
    BANK7           256      0       0

Pointer List with Targets:

    None.

Critical Paths under _main in COMRAM

    _main->_getCad

Critical Paths under _main in BANK0

    None.

Critical Paths under _main in BANK1

    None.

Critical Paths under _main in BANK2

    None.

Critical Paths under _main in BANK3

    None.

Critical Paths under _main in BANK4

    None.

Critical Paths under _main in BANK5

    None.

Critical Paths under _main in BANK6

    None.

Critical Paths under _main in BANK7

    None.

Call Graph Tables:

 ---------------------------------------------------------------------------------
 (Depth) Function   	        Calls       Base Space   Used Autos Params    Refs
 ---------------------------------------------------------------------------------
 (0) _main                                                 0     0      0      22
                             _getCad
 ---------------------------------------------------------------------------------
 (1) _getCad                                               3     1      2      22
                                              0 COMRAM     3     1      2
 ---------------------------------------------------------------------------------
 Estimated maximum stack depth 1
 ---------------------------------------------------------------------------------

 Call Graph Graphs:

 _main (ROOT)
   _getCad

 Address spaces:
Name               Size   Autos  Total    Cost      Usage
BITCOMRAM           5F      0       0       0        0.0%
EEDATA             100      0       0       0        0.0%
NULL                 0      0       0       0        0.0%
CODE                 0      0       0       0        0.0%
COMRAM              5F      3       3       1        3.2%
STACK                0      0       0       2        0.0%
DATA                 0      0       0       3        0.0%
BITBANK0            A0      0       0       4        0.0%
BANK0               A0      0       0       5        0.0%
BITBANK1           100      0       0       6        0.0%
BANK1              100      0       0       7        0.0%
BITBANK2           100      0       0       8        0.0%
BANK2              100      0       0       9        0.0%
BITBANK3           100      0       0      10        0.0%
BANK3              100      0       0      11        0.0%
BITBANK4           100      0       0      12        0.0%
BANK4              100      0       0      13        0.0%
BITBANK5           100      0       0      14        0.0%
BANK5              100      0       0      15        0.0%
BITBANK6           100      0       0      16        0.0%
BANK6              100      0       0      17        0.0%
BITBANK7           100      0       0      18        0.0%
BANK7              100      0       0      19        0.0%
ABS                  0      0       0      20        0.0%
BIGRAM             7FF      0       0      21        0.0%
BITSFR               0      0       0     200        0.0%
SFR                  0      0       0     200        0.0%


Microchip Technology PIC18 Macro Assembler V1.42 build -159332390 
Symbol Table                                                                                   Sun Sep 24 22:42:52 2017

                     l95 7FF4              __CFG_BOR$ON 000000              __CFG_BORV$3 000000  
           __CFG_CP0$OFF 000000             __CFG_CP1$OFF 000000             __CFG_CP2$OFF 000000  
           __CFG_CP3$OFF 000000              __CFG_LVP$ON 000000                      l904 7FCA  
                    l912 7FD8                      l906 7FCE                      l914 7FEC  
                    l908 7FD2                      l924 7FB6             __CFG_CPB$OFF 000000  
                    _RD2 007C1A                      _RD3 007C1B                      _RD4 007C1C  
                    _RD5 007C1D                      _RD6 007C1E                      _RD7 007C1F  
           __CFG_CPD$OFF 000000             __CFG_WDT$OFF 000000                     _ADON 007E10  
                   _main 7FAC                     start 0000            __CFG_IESO$OFF 000000  
          __CFG_MCLRE$ON 000000             ___param_bank 000000            __CFG_PLLDIV$1 000000  
         __CFG_CCP2MX$ON 000000                    ?_main 0001                    _PORTD 000F83  
          __CFG_USBDIV$2 000000                    _TRISA 000F92                    _TRISD 000F95  
          __CFG_PWRT$OFF 000000            __CFG_WRT0$OFF 000000            __CFG_WRT1$OFF 000000  
          __CFG_WRT2$OFF 000000            __CFG_WRT3$OFF 000000           __CFG_EBTR0$OFF 000000  
         __CFG_FCMEN$OFF 000000           __CFG_EBTR1$OFF 000000           __CFG_EBTR2$OFF 000000  
         __CFG_EBTR3$OFF 000000            __CFG_WRTB$OFF 000000            __CFG_WRTC$OFF 000000  
          __CFG_WRTD$OFF 000000           __CFG_EBTRB$OFF 000000                    status 000FD8  
        __initialization 7FA2             __end_of_main 7FC2                   ??_main 0004  
          __activetblptr 000002                   _ADCON0 000FC2                   _ADCON1 000FC1  
                 _ADCON2 000FC0                   _ADRESH 000FC4                   _OSCCON 000FD3  
                 _TRISD2 007CAA                   _TRISD3 007CAB                   _TRISD4 007CAC  
                 _TRISD5 007CAD                   _TRISD6 007CAE                   _TRISD7 007CAF  
         __CFG_XINST$OFF 000000           __CFG_STVREN$ON 000000                   _getCad 7FC2  
                 tblptru 000FF8               __accesstop 0060  __end_of__initialization 7FA2  
        __CFG_PBADEN$OFF 000000            ___rparam_used 000001           __pcstackCOMRAM 0001  
                ?_getCad 0001                  _GO_DONE 007E11          __CFG_VREGEN$OFF 000000  
                __Hparam 0000                  __Lparam 0000          __size_of_getCad 003E  
                __pcinit 7FA2                  __ramtop 0800                  __ptext0 7FAC  
                __ptext1 7FC2     end_of_initialization 7FA2            __Lmediumconst 0000  
         __end_of_getCad 8000      start_initialization 7FA2                 ??_getCad 0003  
       __CFG_LPT1OSC$OFF 000000         __CFG_WDTPS$32768 000000                 __Hrparam 0000  
               __Lrparam 0000            __size_of_main 0016              getCad@canal 0003  
  __CFG_CPUDIV$OSC1_PLL2 000000      __CFG_FOSC$INTOSC_HS 000000  
