

Microchip Technology PIC18 LITE Macro Assembler V1.42 build -159332390 
                                                                                               Sun Nov 19 23:27:21 2017

Microchip Technology Omniscient Code Generator v1.42 (Free mode) build 201704130522
     1                           	processor	18F4550
     2                           	fnconf	rparam,??,?,0
     3                           	opt	pw 120
     4                           	opt	lm
     5                           	psect	cinit,global,reloc=2,class=CODE,delta=1
     6                           	psect	cstackCOMRAM,global,class=COMRAM,space=1,delta=1,noexec
     7                           	psect	text0,global,reloc=2,class=CODE,delta=1
     8                           	psect	text1,global,reloc=2,class=CODE,delta=1
     9                           	psect	intcode,global,reloc=2,class=CODE,delta=1
    10                           	psect	intcode_body,global,reloc=2,class=CODE,delta=1
    11                           	psect	text3,global,reloc=2,class=CODE,delta=1
    12                           	psect	text4,global,reloc=2,class=CODE,delta=1,group=1
    13                           	psect	intsave_regs,global,class=BIGRAM,space=1,delta=1,noexec
    14                           	psect	rparam,global,class=COMRAM,space=1,delta=1,noexec
    15                           	psect	temp,global,ovrld,common,class=COMRAM,space=1,delta=1
    16  0000                     
    17                           ; Version 1.42
    18                           ; Generated 13/04/2017 GMT
    19                           ; 
    20                           ; Copyright © 2017, Microchip Technology Inc. and its subsidiaries ("Microchip")
    21                           ; All rights reserved.
    22                           ; 
    23                           ; This software is developed by Microchip Technology Inc. and its subsidiaries ("Microch
      +                          ip").
    24                           ; 
    25                           ; Redistribution and use in source and binary forms, with or without modification, are
    26                           ; permitted provided that the following conditions are met:
    27                           ; 
    28                           ;     1. Redistributions of source code must retain the above copyright notice, this lis
      +                          t of
    29                           ;        conditions and the following disclaimer.
    30                           ; 
    31                           ;     2. Redistributions in binary form must reproduce the above copyright notice, this 
      +                          list
    32                           ;        of conditions and the following disclaimer in the documentation and/or other
    33                           ;        materials provided with the distribution.
    34                           ; 
    35                           ;     3. Microchip's name may not be used to endorse or promote products derived from th
      +                          is
    36                           ;        software without specific prior written permission.
    37                           ; 
    38                           ; THIS SOFTWARE IS PROVIDED BY MICROCHIP "AS IS" AND ANY EXPRESS OR IMPLIED WARRANTIES,
    39                           ; INCLUDING, BUT NOT LIMITED TO, THE IMPLIED WARRANTIES OF MERCHANTABILITY AND FITNESS F
      +                          OR
    40                           ; PURPOSE ARE DISCLAIMED.  IN NO EVENT SHALL MICROCHIP BE LIABLE FOR ANY DIRECT, INDIREC
      +                          T,
    41                           ; INCIDENTAL, SPECIAL, EXEMPLARY, OR CONSEQUENTIAL DAMAGES (INCLUDING BUT NOT LIMITED TO
    42                           ; PROCUREMENT OF SUBSTITUTE GOODS OR SERVICES; LOSS OF USE, DATA OR PROFITS; OR BUSINESS
    43                           ; INTERRUPTION) HOWSOEVER CAUSED AND ON ANY THEORY OF LIABILITY, WHETHER IN CONTRACT, ST
      +                          RICT
    44                           ; LIABILITY, OR TORT (INCLUDING NEGLIGENCE OR OTHERWISE) ARISING IN ANY WAY OUT OF THE U
      +                          SE OF
    45                           ; THIS SOFTWARE, EVEN IF ADVISED OF THE POSSIBILITY OF SUCH DAMAGE.
    46                           ; 
    47                           ; 
    48                           ; Code-generator required, PIC18F4550 Definitions
    49                           ; 
    50                           ; SFR Addresses
    51  0000                     _TMR0	set	4054
    52  0000                     _PORTD	set	3971
    53  0000                     _TRISD	set	3989
    54  0000                     _TRISC	set	3988
    55  0000                     _TRISB	set	3987
    56  0000                     _INTCON	set	4082
    57  0000                     _ADCON1	set	4033
    58  0000                     _OSCCON	set	4051
    59  0000                     _PORTC	set	3970
    60  0000                     _PORTB	set	3969
    61  0000                     _INTCONbits	set	4082
    62  0000                     _T0CON	set	4053
    63  0000                     _INT0F	set	32657
    64  0000                     _T0IF	set	32658
    65                           
    66                           ; #config settings
    67                           
    68                           	psect	cinit
    69  000142                     __pcinit:
    70                           	opt stack 0
    71  000142                     start_initialization:
    72                           	opt stack 0
    73  000142                     __initialization:
    74                           	opt stack 0
    75  000142                     end_of_initialization:
    76                           	opt stack 0
    77  000142                     __end_of__initialization:
    78                           	opt stack 0
    79  000142  901D               	bcf	int$flags,0,c	;clear compiler interrupt flag (level 1)
    80  000144  921D               	bcf	int$flags,1,c	;clear compiler interrupt flag (level 2)
    81  000146  0100               	movlb	0
    82  000148  EF5A  F000         	goto	_main	;jump to C main() function
    83                           
    84                           	psect	cstackCOMRAM
    85  000001                     __pcstackCOMRAM:
    86                           	opt stack 0
    87  000001                     ?___wmul:
    88                           	opt stack 0
    89  000001                     ___wmul@multiplier:
    90                           	opt stack 0
    91                           
    92                           ; 2 bytes @ 0x0
    93  000001                     	ds	2
    94  000003                     ___wmul@multiplicand:
    95                           	opt stack 0
    96                           
    97                           ; 2 bytes @ 0x2
    98  000003                     	ds	2
    99  000005                     ___wmul@product:
   100                           	opt stack 0
   101                           
   102                           ; 2 bytes @ 0x4
   103  000005                     	ds	2
   104  000007                     i2Timer0@tiempo:
   105                           	opt stack 0
   106                           
   107                           ; 2 bytes @ 0x6
   108  000007                     	ds	2
   109  000009                     ??i2_Timer0:
   110                           
   111                           ; 1 bytes @ 0x8
   112  000009                     	ds	2
   113  00000B                     ??_one:
   114                           
   115                           ; 1 bytes @ 0xA
   116  00000B                     	ds	14
   117  000019                     Timer0@tiempo:
   118                           	opt stack 0
   119                           
   120                           ; 2 bytes @ 0x18
   121  000019                     	ds	2
   122  00001B                     ??_Timer0:
   123                           
   124                           ; 1 bytes @ 0x1A
   125  00001B                     	ds	2
   126  00001D                     
   127                           ; 1 bytes @ 0x1C
   128 ;;
   129 ;;Main: autosize = 0, tempsize = 0, incstack = 0, save=0
   130 ;;
   131 ;; *************** function _main *****************
   132 ;; Defined at:
   133 ;;		line 20 in file "Prueba.c"
   134 ;; Parameters:    Size  Location     Type
   135 ;;		None
   136 ;; Auto vars:     Size  Location     Type
   137 ;;		None
   138 ;; Return value:  Size  Location     Type
   139 ;;                  1    wreg      void 
   140 ;; Registers used:
   141 ;;		wreg, status,2, cstack
   142 ;; Tracked objects:
   143 ;;		On entry : 0/0
   144 ;;		On exit  : 0/0
   145 ;;		Unchanged: 0/0
   146 ;; Data sizes:     COMRAM   BANK0   BANK1   BANK2   BANK3   BANK4   BANK5   BANK6   BANK7
   147 ;;      Params:         0       0       0       0       0       0       0       0       0
   148 ;;      Locals:         0       0       0       0       0       0       0       0       0
   149 ;;      Temps:          0       0       0       0       0       0       0       0       0
   150 ;;      Totals:         0       0       0       0       0       0       0       0       0
   151 ;;Total ram usage:        0 bytes
   152 ;; Hardware stack levels required when called:    3
   153 ;; This function calls:
   154 ;;		_Timer0
   155 ;; This function is called by:
   156 ;;		Startup code after reset
   157 ;; This function uses a non-reentrant model
   158 ;;
   159                           
   160                           	psect	text0
   161  0000B4                     __ptext0:
   162                           	opt stack 0
   163  0000B4                     _main:
   164                           	opt stack 28
   165                           
   166                           ;Prueba.c: 21: OSCCON = 0b01110010;
   167                           
   168                           ;incstack = 0
   169  0000B4  0E72               	movlw	114
   170  0000B6  6ED3               	movwf	4051,c	;volatile
   171                           
   172                           ;Prueba.c: 22: ADCON1 = 0b00001111;
   173  0000B8  0E0F               	movlw	15
   174  0000BA  6EC1               	movwf	4033,c	;volatile
   175                           
   176                           ;Prueba.c: 23: INTCON = 0xF0;
   177  0000BC  0EF0               	movlw	240
   178  0000BE  6EF2               	movwf	intcon,c	;volatile
   179                           
   180                           ;Prueba.c: 24: TRISB = 0xFF;
   181  0000C0  6893               	setf	3987,c	;volatile
   182                           
   183                           ;Prueba.c: 25: TRISC = 248;
   184  0000C2  0EF8               	movlw	248
   185  0000C4  6E94               	movwf	3988,c	;volatile
   186                           
   187                           ;Prueba.c: 26: TRISD = 0;
   188  0000C6  0E00               	movlw	0
   189  0000C8  6E95               	movwf	3989,c	;volatile
   190                           
   191                           ;Prueba.c: 27: PORTC = 0;
   192  0000CA  0E00               	movlw	0
   193  0000CC  6E82               	movwf	3970,c	;volatile
   194                           
   195                           ;Prueba.c: 28: Timer0 (10000);
   196  0000CE  0E27               	movlw	39
   197  0000D0  6E1A               	movwf	Timer0@tiempo+1,c
   198  0000D2  0E10               	movlw	16
   199  0000D4  6E19               	movwf	Timer0@tiempo,c
   200  0000D6  EC83  F000         	call	_Timer0	;wreg free
   201  0000DA                     l734:
   202                           
   203                           ;Prueba.c: 30: {
   204                           ;Prueba.c: 31: PORTD= PORTB;
   205  0000DA  CF81 FF83          	movff	3969,3971	;volatile
   206  0000DE  D7FD               	goto	l734
   207  0000E0                     __end_of_main:
   208                           	opt stack 0
   209                           intcon	equ	0xFF2
   210                           
   211 ;; *************** function _Timer0 *****************
   212 ;; Defined at:
   213 ;;		line 6 in file "Prueba.c"
   214 ;; Parameters:    Size  Location     Type
   215 ;;  tiempo          2   24[COMRAM] int 
   216 ;; Auto vars:     Size  Location     Type
   217 ;;		None
   218 ;; Return value:  Size  Location     Type
   219 ;;                  1    wreg      void 
   220 ;; Registers used:
   221 ;;		wreg, status,2
   222 ;; Tracked objects:
   223 ;;		On entry : 0/0
   224 ;;		On exit  : 0/0
   225 ;;		Unchanged: 0/0
   226 ;; Data sizes:     COMRAM   BANK0   BANK1   BANK2   BANK3   BANK4   BANK5   BANK6   BANK7
   227 ;;      Params:         2       0       0       0       0       0       0       0       0
   228 ;;      Locals:         0       0       0       0       0       0       0       0       0
   229 ;;      Temps:          2       0       0       0       0       0       0       0       0
   230 ;;      Totals:         4       0       0       0       0       0       0       0       0
   231 ;;Total ram usage:        4 bytes
   232 ;; Hardware stack levels used:    1
   233 ;; Hardware stack levels required when called:    2
   234 ;; This function calls:
   235 ;;		Nothing
   236 ;; This function is called by:
   237 ;;		_main
   238 ;; This function uses a non-reentrant model
   239 ;;
   240                           
   241                           	psect	text1
   242  000106                     __ptext1:
   243                           	opt stack 0
   244  000106                     _Timer0:
   245                           	opt stack 28
   246                           
   247                           ;Prueba.c: 7: T0CON= 0b10000000;
   248                           
   249                           ;incstack = 0
   250  000106  0E80               	movlw	128
   251  000108  6ED5               	movwf	4053,c	;volatile
   252                           
   253                           ;Prueba.c: 8: TMR0=65536 - tiempo;
   254  00010A  C019  F01B         	movff	Timer0@tiempo,??_Timer0
   255  00010E  C01A  F01C         	movff	Timer0@tiempo+1,??_Timer0+1
   256  000112  1E1B               	comf	??_Timer0,f,c
   257  000114  1E1C               	comf	??_Timer0+1,f,c
   258  000116  4A1B               	infsnz	??_Timer0,f,c
   259  000118  2A1C               	incf	??_Timer0+1,f,c
   260  00011A  C01B  FFD6         	movff	??_Timer0,4054	;volatile
   261  00011E  C01C  FFD7         	movff	??_Timer0+1,4055	;volatile
   262  000122  0012               	return		;funcret
   263  000124                     __end_of_Timer0:
   264                           	opt stack 0
   265                           intcon	equ	0xFF2
   266                           
   267 ;; *************** function _one *****************
   268 ;; Defined at:
   269 ;;		line 10 in file "Prueba.c"
   270 ;; Parameters:    Size  Location     Type
   271 ;;		None
   272 ;; Auto vars:     Size  Location     Type
   273 ;;		None
   274 ;; Return value:  Size  Location     Type
   275 ;;                  1    wreg      void 
   276 ;; Registers used:
   277 ;;		wreg, status,2, status,0, prodl, prodh, cstack
   278 ;; Tracked objects:
   279 ;;		On entry : 0/0
   280 ;;		On exit  : 0/0
   281 ;;		Unchanged: 0/0
   282 ;; Data sizes:     COMRAM   BANK0   BANK1   BANK2   BANK3   BANK4   BANK5   BANK6   BANK7
   283 ;;      Params:         0       0       0       0       0       0       0       0       0
   284 ;;      Locals:         0       0       0       0       0       0       0       0       0
   285 ;;      Temps:         14       0       0       0       0       0       0       0       0
   286 ;;      Totals:        14       0       0       0       0       0       0       0       0
   287 ;;Total ram usage:       14 bytes
   288 ;; Hardware stack levels used:    1
   289 ;; Hardware stack levels required when called:    1
   290 ;; This function calls:
   291 ;;		___wmul
   292 ;;		i2_Timer0
   293 ;; This function is called by:
   294 ;;		Interrupt level 2
   295 ;; This function uses a non-reentrant model
   296 ;;
   297                           
   298                           	psect	intcode
   299  000008                     __pintcode:
   300                           	opt stack 0
   301  000008                     _one:
   302                           	opt stack 28
   303                           
   304                           ;incstack = 0
   305  000008  821D               	bsf	btemp,1,c	;set compiler interrupt flag (level 2)
   306  00000A  ED09  F000         	call	int_func,f	;refresh shadow registers
   307                           intcon	equ	0xFF2
   308                           
   309                           	psect	intcode_body
   310  000012                     __pintcode_body:
   311                           	opt stack 28
   312  000012                     int_func:
   313                           	opt stack 28
   314  000012  0006               	pop		; remove dummy address from shadow register refresh
   315  000014  CFFA F00B          	movff	pclath,??_one
   316  000018  CFFB F00C          	movff	pclatu,??_one+1
   317  00001C  CFE9 F00D          	movff	fsr0l,??_one+2
   318  000020  CFEA F00E          	movff	fsr0h,??_one+3
   319  000024  CFE1 F00F          	movff	fsr1l,??_one+4
   320  000028  CFE2 F010          	movff	fsr1h,??_one+5
   321  00002C  CFD9 F011          	movff	fsr2l,??_one+6
   322  000030  CFDA F012          	movff	fsr2h,??_one+7
   323  000034  CFF3 F013          	movff	prodl,??_one+8
   324  000038  CFF4 F014          	movff	prodh,??_one+9
   325  00003C  CFF6 F015          	movff	tblptrl,??_one+10
   326  000040  CFF7 F016          	movff	tblptrh,??_one+11
   327  000044  CFF8 F017          	movff	tblptru,??_one+12
   328  000048  CFF5 F018          	movff	tablat,??_one+13
   329                           
   330                           ;Prueba.c: 11: if (INTCONbits.T0IF){
   331  00004C  A4F2               	btfss	intcon,2,c	;volatile
   332  00004E  D010               	goto	i2l722
   333                           
   334                           ;Prueba.c: 12: Timer0(PORTB*512);
   335  000050  CF81 F001          	movff	3969,___wmul@multiplier	;volatile
   336  000054  6A02               	clrf	___wmul@multiplier+1,c
   337  000056  0E02               	movlw	2
   338  000058  6E04               	movwf	___wmul@multiplicand+1,c
   339  00005A  0E00               	movlw	0
   340  00005C  6E03               	movwf	___wmul@multiplicand,c
   341  00005E  EC70  F000         	call	___wmul	;wreg free
   342  000062  C001  F007         	movff	?___wmul,i2Timer0@tiempo
   343  000066  C002  F008         	movff	?___wmul+1,i2Timer0@tiempo+1
   344  00006A  EC92  F000         	call	i2_Timer0	;wreg free
   345                           
   346                           ;Prueba.c: 13: T0IF=0;
   347  00006E  94F2               	bcf	intcon,2,c	;volatile
   348  000070                     i2l722:
   349                           
   350                           ;Prueba.c: 14: }
   351                           ;Prueba.c: 15: if (INTCONbits.INT0F){
   352  000070  B2F2               	btfsc	intcon,1,c	;volatile
   353                           
   354                           ;Prueba.c: 16: INT0F=0;
   355  000072  92F2               	bcf	intcon,1,c	;volatile
   356                           
   357                           ;Prueba.c: 17: }
   358                           ;Prueba.c: 18: PORTC=PORTC+1;
   359  000074  2882               	incf	3970,w,c	;volatile
   360  000076  6E82               	movwf	3970,c	;volatile
   361  000078  C018  FFF5         	movff	??_one+13,tablat
   362  00007C  C017  FFF8         	movff	??_one+12,tblptru
   363  000080  C016  FFF7         	movff	??_one+11,tblptrh
   364  000084  C015  FFF6         	movff	??_one+10,tblptrl
   365  000088  C014  FFF4         	movff	??_one+9,prodh
   366  00008C  C013  FFF3         	movff	??_one+8,prodl
   367  000090  C012  FFDA         	movff	??_one+7,fsr2h
   368  000094  C011  FFD9         	movff	??_one+6,fsr2l
   369  000098  C010  FFE2         	movff	??_one+5,fsr1h
   370  00009C  C00F  FFE1         	movff	??_one+4,fsr1l
   371  0000A0  C00E  FFEA         	movff	??_one+3,fsr0h
   372  0000A4  C00D  FFE9         	movff	??_one+2,fsr0l
   373  0000A8  C00C  FFFB         	movff	??_one+1,pclatu
   374  0000AC  C00B  FFFA         	movff	??_one,pclath
   375  0000B0  921D               	bcf	btemp,1,c	;clear compiler interrupt flag (level 2)
   376  0000B2  0011               	retfie		f
   377  0000B4                     __end_of_one:
   378                           	opt stack 0
   379                           pclatu	equ	0xFFB
   380                           pclath	equ	0xFFA
   381                           tblptru	equ	0xFF8
   382                           tblptrh	equ	0xFF7
   383                           tblptrl	equ	0xFF6
   384                           tablat	equ	0xFF5
   385                           prodh	equ	0xFF4
   386                           prodl	equ	0xFF3
   387                           intcon	equ	0xFF2
   388                           fsr0h	equ	0xFEA
   389                           fsr0l	equ	0xFE9
   390                           fsr1h	equ	0xFE2
   391                           fsr1l	equ	0xFE1
   392                           fsr2h	equ	0xFDA
   393                           fsr2l	equ	0xFD9
   394                           
   395 ;; *************** function i2_Timer0 *****************
   396 ;; Defined at:
   397 ;;		line 6 in file "Prueba.c"
   398 ;; Parameters:    Size  Location     Type
   399 ;;  tiempo          2    6[COMRAM] int 
   400 ;; Auto vars:     Size  Location     Type
   401 ;;		None
   402 ;; Return value:  Size  Location     Type
   403 ;;                  1    wreg      void 
   404 ;; Registers used:
   405 ;;		wreg, status,2
   406 ;; Tracked objects:
   407 ;;		On entry : 0/0
   408 ;;		On exit  : 0/0
   409 ;;		Unchanged: 0/0
   410 ;; Data sizes:     COMRAM   BANK0   BANK1   BANK2   BANK3   BANK4   BANK5   BANK6   BANK7
   411 ;;      Params:         2       0       0       0       0       0       0       0       0
   412 ;;      Locals:         0       0       0       0       0       0       0       0       0
   413 ;;      Temps:          2       0       0       0       0       0       0       0       0
   414 ;;      Totals:         4       0       0       0       0       0       0       0       0
   415 ;;Total ram usage:        4 bytes
   416 ;; Hardware stack levels used:    1
   417 ;; This function calls:
   418 ;;		Nothing
   419 ;; This function is called by:
   420 ;;		_one
   421 ;; This function uses a non-reentrant model
   422 ;;
   423                           
   424                           	psect	text3
   425  000124                     __ptext3:
   426                           	opt stack 0
   427  000124                     i2_Timer0:
   428                           	opt stack 28
   429                           
   430                           ;Prueba.c: 7: T0CON= 0b10000000;
   431                           
   432                           ;incstack = 0
   433  000124  0E80               	movlw	128
   434  000126  6ED5               	movwf	4053,c	;volatile
   435                           
   436                           ;Prueba.c: 8: TMR0=65536 - tiempo;
   437  000128  C007  F009         	movff	i2Timer0@tiempo,??i2_Timer0
   438  00012C  C008  F00A         	movff	i2Timer0@tiempo+1,??i2_Timer0+1
   439  000130  1E09               	comf	??i2_Timer0,f,c
   440  000132  1E0A               	comf	??i2_Timer0+1,f,c
   441  000134  4A09               	infsnz	??i2_Timer0,f,c
   442  000136  2A0A               	incf	??i2_Timer0+1,f,c
   443  000138  C009  FFD6         	movff	??i2_Timer0,4054	;volatile
   444  00013C  C00A  FFD7         	movff	??i2_Timer0+1,4055	;volatile
   445  000140  0012               	return		;funcret
   446  000142                     __end_ofi2_Timer0:
   447                           	opt stack 0
   448                           pclatu	equ	0xFFB
   449                           pclath	equ	0xFFA
   450                           tblptru	equ	0xFF8
   451                           tblptrh	equ	0xFF7
   452                           tblptrl	equ	0xFF6
   453                           tablat	equ	0xFF5
   454                           prodh	equ	0xFF4
   455                           prodl	equ	0xFF3
   456                           intcon	equ	0xFF2
   457                           fsr0h	equ	0xFEA
   458                           fsr0l	equ	0xFE9
   459                           fsr1h	equ	0xFE2
   460                           fsr1l	equ	0xFE1
   461                           fsr2h	equ	0xFDA
   462                           fsr2l	equ	0xFD9
   463                           
   464 ;; *************** function ___wmul *****************
   465 ;; Defined at:
   466 ;;		line 15 in file "C:\Program Files (x86)\Microchip\xc8\v1.42\sources\common\Umul16.c"
   467 ;; Parameters:    Size  Location     Type
   468 ;;  multiplier      2    0[COMRAM] unsigned int 
   469 ;;  multiplicand    2    2[COMRAM] unsigned int 
   470 ;; Auto vars:     Size  Location     Type
   471 ;;  product         2    4[COMRAM] unsigned int 
   472 ;; Return value:  Size  Location     Type
   473 ;;                  2    0[COMRAM] unsigned int 
   474 ;; Registers used:
   475 ;;		wreg, status,2, status,0, prodl, prodh
   476 ;; Tracked objects:
   477 ;;		On entry : 0/0
   478 ;;		On exit  : 0/0
   479 ;;		Unchanged: 0/0
   480 ;; Data sizes:     COMRAM   BANK0   BANK1   BANK2   BANK3   BANK4   BANK5   BANK6   BANK7
   481 ;;      Params:         4       0       0       0       0       0       0       0       0
   482 ;;      Locals:         2       0       0       0       0       0       0       0       0
   483 ;;      Temps:          0       0       0       0       0       0       0       0       0
   484 ;;      Totals:         6       0       0       0       0       0       0       0       0
   485 ;;Total ram usage:        6 bytes
   486 ;; Hardware stack levels used:    1
   487 ;; This function calls:
   488 ;;		Nothing
   489 ;; This function is called by:
   490 ;;		_one
   491 ;; This function uses a non-reentrant model
   492 ;;
   493                           
   494                           	psect	text4
   495  0000E0                     __ptext4:
   496                           	opt stack 0
   497  0000E0                     ___wmul:
   498                           	opt stack 28
   499                           
   500                           ;incstack = 0
   501  0000E0  5001               	movf	___wmul@multiplier,w,c
   502  0000E2  0203               	mulwf	___wmul@multiplicand,c
   503  0000E4  CFF3 F005          	movff	prodl,___wmul@product
   504  0000E8  CFF4 F006          	movff	prodh,___wmul@product+1
   505  0000EC  5001               	movf	___wmul@multiplier,w,c
   506  0000EE  0204               	mulwf	___wmul@multiplicand+1,c
   507  0000F0  50F3               	movf	prodl,w,c
   508  0000F2  2606               	addwf	___wmul@product+1,f,c
   509  0000F4  5002               	movf	___wmul@multiplier+1,w,c
   510  0000F6  0203               	mulwf	___wmul@multiplicand,c
   511  0000F8  50F3               	movf	prodl,w,c
   512  0000FA  2606               	addwf	___wmul@product+1,f,c
   513  0000FC  C005  F001         	movff	___wmul@product,?___wmul
   514  000100  C006  F002         	movff	___wmul@product+1,?___wmul+1
   515  000104  0012               	return	
   516  000106                     __end_of___wmul:
   517                           	opt stack 0
   518  0000                     pclatu	equ	0xFFB
   519                           pclath	equ	0xFFA
   520                           tblptru	equ	0xFF8
   521                           tblptrh	equ	0xFF7
   522                           tblptrl	equ	0xFF6
   523                           tablat	equ	0xFF5
   524                           prodh	equ	0xFF4
   525                           prodl	equ	0xFF3
   526                           intcon	equ	0xFF2
   527                           fsr0h	equ	0xFEA
   528                           fsr0l	equ	0xFE9
   529                           fsr1h	equ	0xFE2
   530                           fsr1l	equ	0xFE1
   531                           fsr2h	equ	0xFDA
   532                           fsr2l	equ	0xFD9
   533                           pclatu	equ	0xFFB
   534                           pclath	equ	0xFFA
   535                           tblptru	equ	0xFF8
   536                           tblptrh	equ	0xFF7
   537                           tblptrl	equ	0xFF6
   538                           tablat	equ	0xFF5
   539                           prodh	equ	0xFF4
   540                           prodl	equ	0xFF3
   541                           intcon	equ	0xFF2
   542                           fsr0h	equ	0xFEA
   543                           fsr0l	equ	0xFE9
   544                           fsr1h	equ	0xFE2
   545                           fsr1l	equ	0xFE1
   546                           fsr2h	equ	0xFDA
   547                           fsr2l	equ	0xFD9
   548                           
   549                           	psect	rparam
   550  0000                     pclatu	equ	0xFFB
   551                           pclath	equ	0xFFA
   552                           tblptru	equ	0xFF8
   553                           tblptrh	equ	0xFF7
   554                           tblptrl	equ	0xFF6
   555                           tablat	equ	0xFF5
   556                           prodh	equ	0xFF4
   557                           prodl	equ	0xFF3
   558                           intcon	equ	0xFF2
   559                           fsr0h	equ	0xFEA
   560                           fsr0l	equ	0xFE9
   561                           fsr1h	equ	0xFE2
   562                           fsr1l	equ	0xFE1
   563                           fsr2h	equ	0xFDA
   564                           fsr2l	equ	0xFD9
   565                           
   566                           	psect	temp
   567  00001D                     btemp:
   568                           	opt stack 0
   569  00001D                     	ds	1
   570  0000                     int$flags	set	btemp
   571                           pclatu	equ	0xFFB
   572                           pclath	equ	0xFFA
   573                           tblptru	equ	0xFF8
   574                           tblptrh	equ	0xFF7
   575                           tblptrl	equ	0xFF6
   576                           tablat	equ	0xFF5
   577                           prodh	equ	0xFF4
   578                           prodl	equ	0xFF3
   579                           intcon	equ	0xFF2
   580                           fsr0h	equ	0xFEA
   581                           fsr0l	equ	0xFE9
   582                           fsr1h	equ	0xFE2
   583                           fsr1l	equ	0xFE1
   584                           fsr2h	equ	0xFDA
   585                           fsr2l	equ	0xFD9


Data Sizes:
    Strings     0
    Constant    0
    Data        0
    BSS         0
    Persistent  0
    Stack       0

Auto Spaces:
    Space          Size  Autos    Used
    COMRAM           94     28      28
    BANK0           160      0       0
    BANK1           256      0       0
    BANK2           256      0       0
    BANK3           256      0       0
    BANK4           256      0       0
    BANK5           256      0       0
    BANK6           256      0       0
    BANK7           256      0       0

Pointer List with Targets:

    None.

Critical Paths under _main in COMRAM

    _main->_Timer0

Critical Paths under _one in COMRAM

    _one->i2_Timer0
    i2_Timer0->___wmul

Critical Paths under _main in BANK0

    None.

Critical Paths under _one in BANK0

    None.

Critical Paths under _main in BANK1

    None.

Critical Paths under _one in BANK1

    None.

Critical Paths under _main in BANK2

    None.

Critical Paths under _one in BANK2

    None.

Critical Paths under _main in BANK3

    None.

Critical Paths under _one in BANK3

    None.

Critical Paths under _main in BANK4

    None.

Critical Paths under _one in BANK4

    None.

Critical Paths under _main in BANK5

    None.

Critical Paths under _one in BANK5

    None.

Critical Paths under _main in BANK6

    None.

Critical Paths under _one in BANK6

    None.

Critical Paths under _main in BANK7

    None.

Critical Paths under _one in BANK7

    None.

Call Graph Tables:

 ---------------------------------------------------------------------------------
 (Depth) Function   	        Calls       Base Space   Used Autos Params    Refs
 ---------------------------------------------------------------------------------
 (0) _main                                                 0     0      0     148
                             _Timer0
 ---------------------------------------------------------------------------------
 (1) _Timer0                                               4     2      2     148
                                             24 COMRAM     4     2      2
 ---------------------------------------------------------------------------------
 Estimated maximum stack depth 1
 ---------------------------------------------------------------------------------
 (Depth) Function   	        Calls       Base Space   Used Autos Params    Refs
 ---------------------------------------------------------------------------------
 (2) _one                                                 14    14      0     359
                                             10 COMRAM    14    14      0
                             ___wmul
                           i2_Timer0
 ---------------------------------------------------------------------------------
 (3) i2_Timer0                                             4     2      2      48
                                              6 COMRAM     4     2      2
                             ___wmul (ARG)
 ---------------------------------------------------------------------------------
 (3) ___wmul                                               6     2      4     311
                                              0 COMRAM     6     2      4
 ---------------------------------------------------------------------------------
 Estimated maximum stack depth 3
 ---------------------------------------------------------------------------------

 Call Graph Graphs:

 _main (ROOT)
   _Timer0

 _one (ROOT)
   ___wmul
   i2_Timer0
     ___wmul (ARG)

 Address spaces:
Name               Size   Autos  Total    Cost      Usage
BITCOMRAM           5E      0       0       0        0.0%
EEDATA             100      0       0       0        0.0%
NULL                 0      0       0       0        0.0%
CODE                 0      0       0       0        0.0%
COMRAM              5E     1C      1C       1       29.8%
STACK                0      0       0       2        0.0%
DATA                 0      0       0       3        0.0%
BITBANK0            A0      0       0       4        0.0%
BANK0               A0      0       0       5        0.0%
BITBANK1           100      0       0       6        0.0%
BANK1              100      0       0       7        0.0%
BITBANK2           100      0       0       8        0.0%
BANK2              100      0       0       9        0.0%
BITBANK3           100      0       0      10        0.0%
BANK3              100      0       0      11        0.0%
BITBANK4           100      0       0      12        0.0%
BANK4              100      0       0      13        0.0%
BITBANK5           100      0       0      14        0.0%
BANK5              100      0       0      15        0.0%
BITBANK6           100      0       0      16        0.0%
BANK6              100      0       0      17        0.0%
BITBANK7           100      0       0      18        0.0%
BANK7              100      0       0      19        0.0%
ABS                  0      0       0      20        0.0%
BIGRAM             7FF      0       0      21        0.0%
BITSFR               0      0       0     200        0.0%
SFR                  0      0       0     200        0.0%


Microchip Technology PIC18 Macro Assembler V1.42 build -159332390 
Symbol Table                                                                                   Sun Nov 19 23:27:21 2017

    ___wmul@multiplicand 0003                      l734 00DA                      _one 0008  
                   ?_one 0001                     _T0IF 007F92                     _TMR0 000FD6  
                   _main 00B4                     fsr0h 000FEA                     fsr1h 000FE2  
                   fsr2h 000FDA                     fsr0l 000FE9                     fsr1l 000FE1  
                   fsr2l 000FD9                     btemp 001D                     prodh 000FF4  
                   prodl 000FF3                     start 000E             ___param_bank 000000  
                  ??_one 000B                    ?_main 0001                    _T0CON 000FD5  
                  _INT0F 007F91                    i2l722 0070                    _PORTB 000F81  
                  _PORTC 000F82                    _PORTD 000F83                    _TRISB 000F93  
                  _TRISC 000F94                    _TRISD 000F95         __end_ofi2_Timer0 0142  
                  pclath 000FFA                    tablat 000FF5          __initialization 0142  
           __end_of_main 00E0                   ??_main 001D            __activetblptr 000000  
                 _ADCON1 000FC1                   _INTCON 000FF2                   _OSCCON 000FD3  
                 _Timer0 0106                   ___wmul 00E0                   tblptrh 000FF7  
                 tblptrl 000FF6                   tblptru 000FF8               __accesstop 0060  
__end_of__initialization 0142            ___rparam_used 000001           __pcstackCOMRAM 0001  
              ?i2_Timer0 0007                  ?_Timer0 0019                  ?___wmul 0001  
             ??i2_Timer0 0009                  __Hparam 0000                  __Lparam 0000  
        __size_of_Timer0 001E          __size_of___wmul 0026                  __pcinit 0142  
                __ramtop 0800                  __ptext0 00B4                  __ptext1 0106  
                __ptext3 0124                  __ptext4 00E0             __size_of_one 00AC  
         __pintcode_body 0012     end_of_initialization 0142                  int_func 0012  
         __end_of_Timer0 0124           __end_of___wmul 0106        __size_ofi2_Timer0 001E  
    start_initialization 0142              __end_of_one 00B4                 ??_Timer0 001B  
               ??___wmul 0005                __pintcode 0008             Timer0@tiempo 0019  
         ___wmul@product 0005                 i2_Timer0 0124        ___wmul@multiplier 0001  
               __Hrparam 0000                 __Lrparam 0000            __size_of_main 002C  
               int$flags 001D               _INTCONbits 000FF2                 intlevel2 0000  
         i2Timer0@tiempo 0007  
